[2023-09-22 07:23:19] flarum.ERROR: InvalidArgumentException: File not found at path: F:\xampp\htdocs\newflarum\workbench\customlogin/js/dist/admin.js in F:\xampp\htdocs\newflarum\vendor\flarum\core\src\Frontend\Compiler\Source\FileSource.php:35
Stack trace:
#0 F:\xampp\htdocs\newflarum\vendor\flarum\core\src\Frontend\Compiler\Source\SourceCollector.php(28): Flarum\Frontend\Compiler\Source\FileSource->__construct('F:\\xampp\\htdocs...', NULL)
#1 F:\xampp\htdocs\newflarum\vendor\flarum\core\src\Extend\Frontend.php(196): Flarum\Frontend\Compiler\Source\SourceCollector->addFile('F:\\xampp\\htdocs...')
#2 F:\xampp\htdocs\newflarum\vendor\flarum\core\src\Frontend\Assets.php(116): Flarum\Extend\Frontend->Flarum\Extend\{closure}(Object(Flarum\Frontend\Compiler\Source\SourceCollector), NULL)
#3 F:\xampp\htdocs\newflarum\vendor\flarum\core\src\Frontend\Compiler\RevisionCompiler.php(100): Flarum\Frontend\Assets->Flarum\Frontend\{closure}(Object(Flarum\Frontend\Compiler\Source\SourceCollector))
#4 F:\xampp\htdocs\newflarum\vendor\flarum\core\src\Frontend\Compiler\RevisionCompiler.php(67): Flarum\Frontend\Compiler\RevisionCompiler->getSources()
#5 F:\xampp\htdocs\newflarum\vendor\flarum\core\src\Frontend\Content\Assets.php(105): Flarum\Frontend\Compiler\RevisionCompiler->commit(true)
#6 F:\xampp\htdocs\newflarum\vendor\flarum\core\src\Frontend\Content\Assets.php(63): Flarum\Frontend\Content\Assets->forceCommit(Array)
#7 F:\xampp\htdocs\newflarum\vendor\flarum\core\src\Frontend\Frontend.php(62): Flarum\Frontend\Content\Assets->__invoke(Object(Flarum\Frontend\Document), Object(Laminas\Diactoros\ServerRequest))
#8 F:\xampp\htdocs\newflarum\vendor\flarum\core\src\Frontend\Frontend.php(54): Flarum\Frontend\Frontend->populate(Object(Flarum\Frontend\Document), Object(Laminas\Diactoros\ServerRequest))
#9 F:\xampp\htdocs\newflarum\vendor\flarum\core\src\Frontend\Controller.php(32): Flarum\Frontend\Frontend->document(Object(Laminas\Diactoros\ServerRequest))
#10 F:\xampp\htdocs\newflarum\vendor\flarum\core\src\Http\RouteHandlerFactory.php(41): Flarum\Frontend\Controller->handle(Object(Laminas\Diactoros\ServerRequest))
#11 F:\xampp\htdocs\newflarum\vendor\flarum\core\src\Http\Middleware\ExecuteRoute.php(27): Flarum\Http\RouteHandlerFactory->Flarum\Http\{closure}(Object(Laminas\Diactoros\ServerRequest), Array)
#12 F:\xampp\htdocs\newflarum\vendor\laminas\laminas-stratigility\src\Next.php(49): Flarum\Http\Middleware\ExecuteRoute->process(Object(Laminas\Diactoros\ServerRequest), Object(Closure))
#13 F:\xampp\htdocs\newflarum\vendor\flarum\core\src\Admin\Middleware\DisableBrowserCache.php(21): Laminas\Stratigility\Next->handle(Object(Laminas\Diactoros\ServerRequest))
#14 F:\xampp\htdocs\newflarum\vendor\laminas\laminas-stratigility\src\Next.php(49): Flarum\Admin\Middleware\DisableBrowserCache->process(Object(Laminas\Diactoros\ServerRequest), Object(Laminas\Stratigility\Next))
#15 F:\xampp\htdocs\newflarum\vendor\flarum\core\src\Http\Middleware\ContentTypeOptionsHeader.php(21): Laminas\Stratigility\Next->handle(Object(Laminas\Diactoros\ServerRequest))
#16 F:\xampp\htdocs\newflarum\vendor\laminas\laminas-stratigility\src\Next.php(49): Flarum\Http\Middleware\ContentTypeOptionsHeader->process(Object(Laminas\Diactoros\ServerRequest), Object(Laminas\Stratigility\Next))
#17 F:\xampp\htdocs\newflarum\vendor\flarum\core\src\Http\Middleware\ReferrerPolicyHeader.php(30): Laminas\Stratigility\Next->handle(Object(Laminas\Diactoros\ServerRequest))
#18 F:\xampp\htdocs\newflarum\vendor\laminas\laminas-stratigility\src\Next.php(49): Flarum\Http\Middleware\ReferrerPolicyHeader->process(Object(Laminas\Diactoros\ServerRequest), Object(Laminas\Stratigility\Next))
#19 F:\xampp\htdocs\newflarum\vendor\flarum\core\src\Admin\Middleware\RequireAdministrateAbility.php(24): Laminas\Stratigility\Next->handle(Object(Laminas\Diactoros\ServerRequest))
#20 F:\xampp\htdocs\newflarum\vendor\laminas\laminas-stratigility\src\Next.php(49): Flarum\Admin\Middleware\RequireAdministrateAbility->process(Object(Laminas\Diactoros\ServerRequest), Object(Laminas\Stratigility\Next))
#21 F:\xampp\htdocs\newflarum\vendor\flarum\core\src\Http\Middleware\CheckCsrfToken.php(36): Laminas\Stratigility\Next->handle(Object(Laminas\Diactoros\ServerRequest))
#22 F:\xampp\htdocs\newflarum\vendor\laminas\laminas-stratigility\src\Next.php(49): Flarum\Http\Middleware\CheckCsrfToken->process(Object(Laminas\Diactoros\ServerRequest), Object(Laminas\Stratigility\Next))
#23 F:\xampp\htdocs\newflarum\vendor\flarum\core\src\Http\Middleware\ResolveRoute.php(69): Laminas\Stratigility\Next->handle(Object(Laminas\Diactoros\ServerRequest))
#24 F:\xampp\htdocs\newflarum\vendor\laminas\laminas-stratigility\src\Next.php(49): Flarum\Http\Middleware\ResolveRoute->process(Object(Laminas\Diactoros\ServerRequest), Object(Laminas\Stratigility\Next))
#25 F:\xampp\htdocs\newflarum\vendor\flarum\core\src\Http\Middleware\SetLocale.php(51): Laminas\Stratigility\Next->handle(Object(Laminas\Diactoros\ServerRequest))
#26 F:\xampp\htdocs\newflarum\vendor\laminas\laminas-stratigility\src\Next.php(49): Flarum\Http\Middleware\SetLocale->process(Object(Laminas\Diactoros\ServerRequest), Object(Laminas\Stratigility\Next))
#27 F:\xampp\htdocs\newflarum\vendor\flarum\core\src\Http\Middleware\AuthenticateWithSession.php(31): Laminas\Stratigility\Next->handle(Object(Laminas\Diactoros\ServerRequest))
#28 F:\xampp\htdocs\newflarum\vendor\laminas\laminas-stratigility\src\Next.php(49): Flarum\Http\Middleware\AuthenticateWithSession->process(Object(Laminas\Diactoros\ServerRequest), Object(Laminas\Stratigility\Next))
#29 F:\xampp\htdocs\newflarum\vendor\flarum\core\src\Http\Middleware\RememberFromCookie.php(52): Laminas\Stratigility\Next->handle(Object(Laminas\Diactoros\ServerRequest))
#30 F:\xampp\htdocs\newflarum\vendor\laminas\laminas-stratigility\src\Next.php(49): Flarum\Http\Middleware\RememberFromCookie->process(Object(Laminas\Diactoros\ServerRequest), Object(Laminas\Stratigility\Next))
#31 F:\xampp\htdocs\newflarum\vendor\flarum\core\src\Http\Middleware\StartSession.php(61): Laminas\Stratigility\Next->handle(Object(Laminas\Diactoros\ServerRequest))
#32 F:\xampp\htdocs\newflarum\vendor\laminas\laminas-stratigility\src\Next.php(49): Flarum\Http\Middleware\StartSession->process(Object(Laminas\Diactoros\ServerRequest), Object(Laminas\Stratigility\Next))
#33 F:\xampp\htdocs\newflarum\vendor\flarum\core\src\Http\Middleware\ParseJsonBody.php(28): Laminas\Stratigility\Next->handle(Object(Laminas\Diactoros\ServerRequest))
#34 F:\xampp\htdocs\newflarum\vendor\laminas\laminas-stratigility\src\Next.php(49): Flarum\Http\Middleware\ParseJsonBody->process(Object(Laminas\Diactoros\ServerRequest), Object(Laminas\Stratigility\Next))
#35 F:\xampp\htdocs\newflarum\vendor\flarum\core\src\Http\Middleware\HandleErrors.php(57): Laminas\Stratigility\Next->handle(Object(Laminas\Diactoros\ServerRequest))
#36 F:\xampp\htdocs\newflarum\vendor\laminas\laminas-stratigility\src\Next.php(49): Flarum\Http\Middleware\HandleErrors->process(Object(Laminas\Diactoros\ServerRequest), Object(Laminas\Stratigility\Next))
#37 F:\xampp\htdocs\newflarum\vendor\flarum\core\src\Http\Middleware\InjectActorReference.php(25): Laminas\Stratigility\Next->handle(Object(Laminas\Diactoros\ServerRequest))
#38 F:\xampp\htdocs\newflarum\vendor\laminas\laminas-stratigility\src\Next.php(49): Flarum\Http\Middleware\InjectActorReference->process(Object(Laminas\Diactoros\ServerRequest), Object(Laminas\Stratigility\Next))
#39 F:\xampp\htdocs\newflarum\vendor\laminas\laminas-stratigility\src\MiddlewarePipe.php(75): Laminas\Stratigility\Next->handle(Object(Laminas\Diactoros\ServerRequest))
#40 F:\xampp\htdocs\newflarum\vendor\middlewares\request-handler\src\RequestHandler.php(84): Laminas\Stratigility\MiddlewarePipe->process(Object(Laminas\Diactoros\ServerRequest), Object(Laminas\Stratigility\Next))
#41 F:\xampp\htdocs\newflarum\vendor\laminas\laminas-stratigility\src\Next.php(49): Middlewares\RequestHandler->process(Object(Laminas\Diactoros\ServerRequest), Object(Laminas\Stratigility\Next))
#42 F:\xampp\htdocs\newflarum\vendor\middlewares\base-path-router\src\BasePathRouter.php(101): Laminas\Stratigility\Next->handle(Object(Laminas\Diactoros\ServerRequest))
#43 F:\xampp\htdocs\newflarum\vendor\laminas\laminas-stratigility\src\Next.php(49): Middlewares\BasePathRouter->process(Object(Laminas\Diactoros\ServerRequest), Object(Laminas\Stratigility\Next))
#44 F:\xampp\htdocs\newflarum\vendor\laminas\laminas-stratigility\src\Middleware\OriginalMessages.php(36): Laminas\Stratigility\Next->handle(Object(Laminas\Diactoros\ServerRequest))
#45 F:\xampp\htdocs\newflarum\vendor\laminas\laminas-stratigility\src\Next.php(49): Laminas\Stratigility\Middleware\OriginalMessages->process(Object(Laminas\Diactoros\ServerRequest), Object(Laminas\Stratigility\Next))
#46 F:\xampp\htdocs\newflarum\vendor\middlewares\base-path\src\BasePath.php(73): Laminas\Stratigility\Next->handle(Object(Laminas\Diactoros\ServerRequest))
#47 F:\xampp\htdocs\newflarum\vendor\laminas\laminas-stratigility\src\Next.php(49): Middlewares\BasePath->process(Object(Laminas\Diactoros\ServerRequest), Object(Laminas\Stratigility\Next))
#48 F:\xampp\htdocs\newflarum\vendor\flarum\core\src\Http\Middleware\ProcessIp.php(24): Laminas\Stratigility\Next->handle(Object(Laminas\Diactoros\ServerRequest))
#49 F:\xampp\htdocs\newflarum\vendor\laminas\laminas-stratigility\src\Next.php(49): Flarum\Http\Middleware\ProcessIp->process(Object(Laminas\Diactoros\ServerRequest), Object(Laminas\Stratigility\Next))
#50 F:\xampp\htdocs\newflarum\vendor\laminas\laminas-stratigility\src\MiddlewarePipe.php(75): Laminas\Stratigility\Next->handle(Object(Laminas\Diactoros\ServerRequest))
#51 F:\xampp\htdocs\newflarum\vendor\laminas\laminas-stratigility\src\MiddlewarePipe.php(64): Laminas\Stratigility\MiddlewarePipe->process(Object(Laminas\Diactoros\ServerRequest), Object(Laminas\Stratigility\EmptyPipelineHandler))
#52 F:\xampp\htdocs\newflarum\vendor\laminas\laminas-httphandlerrunner\src\RequestHandlerRunner.php(73): Laminas\Stratigility\MiddlewarePipe->handle(Object(Laminas\Diactoros\ServerRequest))
#53 F:\xampp\htdocs\newflarum\vendor\flarum\core\src\Http\Server.php(45): Laminas\HttpHandlerRunner\RequestHandlerRunner->run()
#54 F:\xampp\htdocs\newflarum\public\index.php(26): Flarum\Http\Server->listen()
#55 {main}  
[2023-09-22 07:36:06] flarum.ERROR: TypeError: Flarum\Extension\Extension::Sidtechno\Customlogin\{closure}(): Argument #1 ($document) must be of type Sidtechno\Customlogin\Document, Flarum\Frontend\Document given, called in F:\xampp\htdocs\newflarum\vendor\flarum\core\src\Frontend\Frontend.php on line 62 and defined in F:\xampp\htdocs\newflarum\workbench\customlogin\extend.php:12
Stack trace:
#0 F:\xampp\htdocs\newflarum\vendor\flarum\core\src\Frontend\Frontend.php(62): Flarum\Extension\Extension->Sidtechno\Customlogin\{closure}(Object(Flarum\Frontend\Document), Object(Laminas\Diactoros\ServerRequest))
#1 F:\xampp\htdocs\newflarum\vendor\flarum\core\src\Frontend\Frontend.php(54): Flarum\Frontend\Frontend->populate(Object(Flarum\Frontend\Document), Object(Laminas\Diactoros\ServerRequest))
#2 F:\xampp\htdocs\newflarum\vendor\flarum\core\src\Frontend\Controller.php(32): Flarum\Frontend\Frontend->document(Object(Laminas\Diactoros\ServerRequest))
#3 F:\xampp\htdocs\newflarum\vendor\flarum\core\src\Http\RouteHandlerFactory.php(41): Flarum\Frontend\Controller->handle(Object(Laminas\Diactoros\ServerRequest))
#4 F:\xampp\htdocs\newflarum\vendor\flarum\core\src\Http\Middleware\ExecuteRoute.php(27): Flarum\Http\RouteHandlerFactory->Flarum\Http\{closure}(Object(Laminas\Diactoros\ServerRequest), Array)
#5 F:\xampp\htdocs\newflarum\vendor\laminas\laminas-stratigility\src\Next.php(49): Flarum\Http\Middleware\ExecuteRoute->process(Object(Laminas\Diactoros\ServerRequest), Object(Closure))
#6 F:\xampp\htdocs\newflarum\vendor\flarum\core\src\Admin\Middleware\DisableBrowserCache.php(21): Laminas\Stratigility\Next->handle(Object(Laminas\Diactoros\ServerRequest))
#7 F:\xampp\htdocs\newflarum\vendor\laminas\laminas-stratigility\src\Next.php(49): Flarum\Admin\Middleware\DisableBrowserCache->process(Object(Laminas\Diactoros\ServerRequest), Object(Laminas\Stratigility\Next))
#8 F:\xampp\htdocs\newflarum\vendor\flarum\core\src\Http\Middleware\ContentTypeOptionsHeader.php(21): Laminas\Stratigility\Next->handle(Object(Laminas\Diactoros\ServerRequest))
#9 F:\xampp\htdocs\newflarum\vendor\laminas\laminas-stratigility\src\Next.php(49): Flarum\Http\Middleware\ContentTypeOptionsHeader->process(Object(Laminas\Diactoros\ServerRequest), Object(Laminas\Stratigility\Next))
#10 F:\xampp\htdocs\newflarum\vendor\flarum\core\src\Http\Middleware\ReferrerPolicyHeader.php(30): Laminas\Stratigility\Next->handle(Object(Laminas\Diactoros\ServerRequest))
#11 F:\xampp\htdocs\newflarum\vendor\laminas\laminas-stratigility\src\Next.php(49): Flarum\Http\Middleware\ReferrerPolicyHeader->process(Object(Laminas\Diactoros\ServerRequest), Object(Laminas\Stratigility\Next))
#12 F:\xampp\htdocs\newflarum\vendor\flarum\core\src\Admin\Middleware\RequireAdministrateAbility.php(24): Laminas\Stratigility\Next->handle(Object(Laminas\Diactoros\ServerRequest))
#13 F:\xampp\htdocs\newflarum\vendor\laminas\laminas-stratigility\src\Next.php(49): Flarum\Admin\Middleware\RequireAdministrateAbility->process(Object(Laminas\Diactoros\ServerRequest), Object(Laminas\Stratigility\Next))
#14 F:\xampp\htdocs\newflarum\vendor\flarum\core\src\Http\Middleware\CheckCsrfToken.php(36): Laminas\Stratigility\Next->handle(Object(Laminas\Diactoros\ServerRequest))
#15 F:\xampp\htdocs\newflarum\vendor\laminas\laminas-stratigility\src\Next.php(49): Flarum\Http\Middleware\CheckCsrfToken->process(Object(Laminas\Diactoros\ServerRequest), Object(Laminas\Stratigility\Next))
#16 F:\xampp\htdocs\newflarum\vendor\flarum\core\src\Http\Middleware\ResolveRoute.php(69): Laminas\Stratigility\Next->handle(Object(Laminas\Diactoros\ServerRequest))
#17 F:\xampp\htdocs\newflarum\vendor\laminas\laminas-stratigility\src\Next.php(49): Flarum\Http\Middleware\ResolveRoute->process(Object(Laminas\Diactoros\ServerRequest), Object(Laminas\Stratigility\Next))
#18 F:\xampp\htdocs\newflarum\vendor\flarum\core\src\Http\Middleware\SetLocale.php(51): Laminas\Stratigility\Next->handle(Object(Laminas\Diactoros\ServerRequest))
#19 F:\xampp\htdocs\newflarum\vendor\laminas\laminas-stratigility\src\Next.php(49): Flarum\Http\Middleware\SetLocale->process(Object(Laminas\Diactoros\ServerRequest), Object(Laminas\Stratigility\Next))
#20 F:\xampp\htdocs\newflarum\vendor\flarum\core\src\Http\Middleware\AuthenticateWithSession.php(31): Laminas\Stratigility\Next->handle(Object(Laminas\Diactoros\ServerRequest))
#21 F:\xampp\htdocs\newflarum\vendor\laminas\laminas-stratigility\src\Next.php(49): Flarum\Http\Middleware\AuthenticateWithSession->process(Object(Laminas\Diactoros\ServerRequest), Object(Laminas\Stratigility\Next))
#22 F:\xampp\htdocs\newflarum\vendor\flarum\core\src\Http\Middleware\RememberFromCookie.php(52): Laminas\Stratigility\Next->handle(Object(Laminas\Diactoros\ServerRequest))
#23 F:\xampp\htdocs\newflarum\vendor\laminas\laminas-stratigility\src\Next.php(49): Flarum\Http\Middleware\RememberFromCookie->process(Object(Laminas\Diactoros\ServerRequest), Object(Laminas\Stratigility\Next))
#24 F:\xampp\htdocs\newflarum\vendor\flarum\core\src\Http\Middleware\StartSession.php(61): Laminas\Stratigility\Next->handle(Object(Laminas\Diactoros\ServerRequest))
#25 F:\xampp\htdocs\newflarum\vendor\laminas\laminas-stratigility\src\Next.php(49): Flarum\Http\Middleware\StartSession->process(Object(Laminas\Diactoros\ServerRequest), Object(Laminas\Stratigility\Next))
#26 F:\xampp\htdocs\newflarum\vendor\flarum\core\src\Http\Middleware\ParseJsonBody.php(28): Laminas\Stratigility\Next->handle(Object(Laminas\Diactoros\ServerRequest))
#27 F:\xampp\htdocs\newflarum\vendor\laminas\laminas-stratigility\src\Next.php(49): Flarum\Http\Middleware\ParseJsonBody->process(Object(Laminas\Diactoros\ServerRequest), Object(Laminas\Stratigility\Next))
#28 F:\xampp\htdocs\newflarum\vendor\flarum\core\src\Http\Middleware\HandleErrors.php(57): Laminas\Stratigility\Next->handle(Object(Laminas\Diactoros\ServerRequest))
#29 F:\xampp\htdocs\newflarum\vendor\laminas\laminas-stratigility\src\Next.php(49): Flarum\Http\Middleware\HandleErrors->process(Object(Laminas\Diactoros\ServerRequest), Object(Laminas\Stratigility\Next))
#30 F:\xampp\htdocs\newflarum\vendor\flarum\core\src\Http\Middleware\InjectActorReference.php(25): Laminas\Stratigility\Next->handle(Object(Laminas\Diactoros\ServerRequest))
#31 F:\xampp\htdocs\newflarum\vendor\laminas\laminas-stratigility\src\Next.php(49): Flarum\Http\Middleware\InjectActorReference->process(Object(Laminas\Diactoros\ServerRequest), Object(Laminas\Stratigility\Next))
#32 F:\xampp\htdocs\newflarum\vendor\laminas\laminas-stratigility\src\MiddlewarePipe.php(75): Laminas\Stratigility\Next->handle(Object(Laminas\Diactoros\ServerRequest))
#33 F:\xampp\htdocs\newflarum\vendor\middlewares\request-handler\src\RequestHandler.php(84): Laminas\Stratigility\MiddlewarePipe->process(Object(Laminas\Diactoros\ServerRequest), Object(Laminas\Stratigility\Next))
#34 F:\xampp\htdocs\newflarum\vendor\laminas\laminas-stratigility\src\Next.php(49): Middlewares\RequestHandler->process(Object(Laminas\Diactoros\ServerRequest), Object(Laminas\Stratigility\Next))
#35 F:\xampp\htdocs\newflarum\vendor\middlewares\base-path-router\src\BasePathRouter.php(101): Laminas\Stratigility\Next->handle(Object(Laminas\Diactoros\ServerRequest))
#36 F:\xampp\htdocs\newflarum\vendor\laminas\laminas-stratigility\src\Next.php(49): Middlewares\BasePathRouter->process(Object(Laminas\Diactoros\ServerRequest), Object(Laminas\Stratigility\Next))
#37 F:\xampp\htdocs\newflarum\vendor\laminas\laminas-stratigility\src\Middleware\OriginalMessages.php(36): Laminas\Stratigility\Next->handle(Object(Laminas\Diactoros\ServerRequest))
#38 F:\xampp\htdocs\newflarum\vendor\laminas\laminas-stratigility\src\Next.php(49): Laminas\Stratigility\Middleware\OriginalMessages->process(Object(Laminas\Diactoros\ServerRequest), Object(Laminas\Stratigility\Next))
#39 F:\xampp\htdocs\newflarum\vendor\middlewares\base-path\src\BasePath.php(73): Laminas\Stratigility\Next->handle(Object(Laminas\Diactoros\ServerRequest))
#40 F:\xampp\htdocs\newflarum\vendor\laminas\laminas-stratigility\src\Next.php(49): Middlewares\BasePath->process(Object(Laminas\Diactoros\ServerRequest), Object(Laminas\Stratigility\Next))
#41 F:\xampp\htdocs\newflarum\vendor\flarum\core\src\Http\Middleware\ProcessIp.php(24): Laminas\Stratigility\Next->handle(Object(Laminas\Diactoros\ServerRequest))
#42 F:\xampp\htdocs\newflarum\vendor\laminas\laminas-stratigility\src\Next.php(49): Flarum\Http\Middleware\ProcessIp->process(Object(Laminas\Diactoros\ServerRequest), Object(Laminas\Stratigility\Next))
#43 F:\xampp\htdocs\newflarum\vendor\laminas\laminas-stratigility\src\MiddlewarePipe.php(75): Laminas\Stratigility\Next->handle(Object(Laminas\Diactoros\ServerRequest))
#44 F:\xampp\htdocs\newflarum\vendor\laminas\laminas-stratigility\src\MiddlewarePipe.php(64): Laminas\Stratigility\MiddlewarePipe->process(Object(Laminas\Diactoros\ServerRequest), Object(Laminas\Stratigility\EmptyPipelineHandler))
#45 F:\xampp\htdocs\newflarum\vendor\laminas\laminas-httphandlerrunner\src\RequestHandlerRunner.php(73): Laminas\Stratigility\MiddlewarePipe->handle(Object(Laminas\Diactoros\ServerRequest))
#46 F:\xampp\htdocs\newflarum\vendor\flarum\core\src\Http\Server.php(45): Laminas\HttpHandlerRunner\RequestHandlerRunner->run()
#47 F:\xampp\htdocs\newflarum\public\index.php(26): Flarum\Http\Server->listen()
#48 {main}  
